<?xml version="1.0" encoding="UTF-8"?>
<!-- Generated by org.testng.reporters.JUnitReportReporter -->
<testsuite hostname="LAPTOP-FM336MHK" failures="0" tests="1" name="com.Selenium.Module1.Google_Search_TestNG" time="2.078" errors="0" timestamp="22 Mar 2020 21:06:23 GMT" skipped="0">
  <testcase classname="com.Selenium.Module1.Google_Search_TestNG" name="googleSearchTest" time="2.078"/>
</testsuite> <!-- com.Selenium.Module1.Google_Search_TestNG -->
